<?xml version="1.0" encoding="UTF-8"?>
<testsuite name="com.thoughtworks.WalletTest" tests="1" skipped="0" failures="0" errors="0" timestamp="2022-03-11T05:37:13" hostname="Mainaks-MacBook-Pro.local" time="0.021">
  <properties/>
  <testcase name="shouldCheckWhetherCorrectBalanceIsPresentOnAddingMoneyInWallet()" classname="com.thoughtworks.WalletTest" time="0.021"/>
  <system-out><![CDATA[30.0
]]></system-out>
  <system-err><![CDATA[]]></system-err>
</testsuite>
