<?xml version="1.0" encoding="UTF-8"?>
<testsuite name="com.thoughtworks.WalletTest" tests="4" skipped="0" failures="0" errors="0" timestamp="2022-03-20T11:11:08" hostname="harshithauks-MacBook-Pro.local" time="0.03">
  <properties/>
  <testcase name="shouldCheckBalanceIsSeventyRupeeAfterWithDrawingSixteenRupeeFromEightSixRupee()" classname="com.thoughtworks.WalletTest" time="0.025"/>
  <testcase name="shouldCheckBalanceIsEightySixRupeeAfterAddingTenRupeeAndOneDollar()" classname="com.thoughtworks.WalletTest" time="0.001"/>
  <testcase name="checkIfBalanceInDollarWhenThePReferredCurrencyIsDollar()" classname="com.thoughtworks.WalletTest" time="0.001"/>
  <testcase name="shouldCheckWhetherCorrectBalanceIsPresentOnAddingMoneyInWallet()" classname="com.thoughtworks.WalletTest" time="0.002"/>
  <system-out><![CDATA[]]></system-out>
  <system-err><![CDATA[]]></system-err>
</testsuite>
